<?xml version="1.0" encoding="UTF-8"?>
<!-- Generated by org.testng.reporters.JUnitXMLReporter -->
<testsuite hostname="B91326" name="Test_Training" tests="1" failures="0" timestamp="12 Mar 2014 14:27:43 GMT" time="100067.405" errors="0">
  <testcase name="@AfterMethod takeScreenShot" time="0.0" classname="com.NTTDATA.MobWebAppAut.Test.TC2DTHRecharge">
    <failure type="org.openqa.selenium.remote.UnreachableBrowserException" message="Error communicating with the remote browser. It may have died.
Build info: version: &amp;apos;2.39.0&amp;apos;, revision: &amp;apos;ff23eac&amp;apos;, time: &amp;apos;2013-12-16 16:12:12&amp;apos;
System info: host: &amp;apos;B91326&amp;apos;, ip: &amp;apos;192.168.2.7&amp;apos;, os.name: &amp;apos;Windows 7&amp;apos;, os.arch: &amp;apos;x86&amp;apos;, os.version: &amp;apos;6.1&amp;apos;, java.version: &amp;apos;1.7.0_51&amp;apos;
Driver info: driver.version: AndroidDriver">
      <![CDATA[org.openqa.selenium.remote.UnreachableBrowserException: Error communicating with the remote browser. It may have died.
Build info: version: '2.39.0', revision: 'ff23eac', time: '2013-12-16 16:12:12'
System info: host: 'B91326', ip: '192.168.2.7', os.name: 'Windows 7', os.arch: 'x86', os.version: '6.1', java.version: '1.7.0_51'
Driver info: driver.version: AndroidDriver
	at org.openqa.selenium.remote.RemoteWebDriver.execute(RemoteWebDriver.java:548)
	at org.openqa.selenium.remote.RemoteWebDriver.execute(RemoteWebDriver.java:569)
	at org.openqa.selenium.android.AndroidDriver.getScreenshotAs(AndroidDriver.java:108)
	at com.NTTDATA.MobWebAppAut.BaseUtility.BaseClass.takeScreenShot(BaseClass.java:122)
	at java.util.concurrent.ThreadPoolExecutor.runWorker(Unknown Source)
	at java.util.concurrent.ThreadPoolExecutor$Worker.run(Unknown Source)
	at java.lang.Thread.run(Unknown Source)
Caused by: java.net.ConnectException: Connection refused: connect
	at java.net.DualStackPlainSocketImpl.waitForConnect(Native Method)
	at java.net.DualStackPlainSocketImpl.socketConnect(Unknown Source)
	at java.net.AbstractPlainSocketImpl.doConnect(Unknown Source)
	at java.net.AbstractPlainSocketImpl.connectToAddress(Unknown Source)
	at java.net.AbstractPlainSocketImpl.connect(Unknown Source)
	at java.net.PlainSocketImpl.connect(Unknown Source)
	at java.net.SocksSocketImpl.connect(Unknown Source)
	at java.net.Socket.connect(Unknown Source)
	at org.apache.http.conn.scheme.PlainSocketFactory.connectSocket(PlainSocketFactory.java:117)
	at org.apache.http.impl.conn.DefaultClientConnectionOperator.openConnection(DefaultClientConnectionOperator.java:178)
	at org.apache.http.impl.conn.AbstractPoolEntry.open(AbstractPoolEntry.java:144)
	at org.apache.http.impl.conn.AbstractPooledConnAdapter.open(AbstractPooledConnAdapter.java:131)
	at org.apache.http.impl.client.DefaultRequestDirector.tryConnect(DefaultRequestDirector.java:610)
	at org.apache.http.impl.client.DefaultRequestDirector.execute(DefaultRequestDirector.java:445)
	at org.apache.http.impl.client.AbstractHttpClient.doExecute(AbstractHttpClient.java:863)
	at org.apache.http.impl.client.CloseableHttpClient.execute(CloseableHttpClient.java:72)
	at org.apache.http.impl.client.CloseableHttpClient.execute(CloseableHttpClient.java:57)
	at org.openqa.selenium.remote.HttpCommandExecutor.fallBackExecute(HttpCommandExecutor.java:319)
	at org.openqa.selenium.remote.HttpCommandExecutor.execute(HttpCommandExecutor.java:298)
	at org.openqa.selenium.remote.RemoteWebDriver.execute(RemoteWebDriver.java:527)
	... 18 more
... Removed 12 stack frames]]>
    </failure>
  </testcase> <!-- @AfterMethod takeScreenShot -->
  <testcase name="TC2DTH_Recharge" time="100063.833" classname="com.NTTDATA.MobWebAppAut.Test.TC2DTHRecharge"/>
</testsuite> <!-- Test_Training -->
