<?xml version="1.0" encoding="UTF-8"?>
<testng-results skipped="0" failed="0" total="1" passed="1">
  <reporter-output>
  </reporter-output>
  <suite name="suite1" duration-ms="367" started-at="2014-10-28T22:50:04Z" finished-at="2014-10-28T22:50:04Z">
    <groups>
    </groups>
    <test name="DSMB" duration-ms="367" started-at="2014-10-28T22:50:04Z" finished-at="2014-10-28T22:50:04Z">
      <class name="DSMB.TC">
        <test-method status="PASS" signature="launch()[pri:0, instance:DSMB.TC@864e92]" name="launch" is-config="true" duration-ms="19579" started-at="2014-10-28T22:49:44Z" finished-at="2014-10-28T22:50:04Z">
          <reporter-output>
          </reporter-output>
        </test-method> <!-- launch -->
        <test-method status="PASS" signature="TestCase1()[pri:0, instance:DSMB.TC@864e92]" name="TestCase1" duration-ms="356" started-at="2014-10-28T22:50:04Z" finished-at="2014-10-28T22:50:04Z">
          <reporter-output>
          </reporter-output>
        </test-method> <!-- TestCase1 -->
        <test-method status="PASS" signature="teardown()[pri:0, instance:DSMB.TC@864e92]" name="teardown" is-config="true" duration-ms="281" started-at="2014-10-28T22:50:04Z" finished-at="2014-10-28T22:50:04Z">
          <reporter-output>
          </reporter-output>
        </test-method> <!-- teardown -->
      </class> <!-- DSMB.TC -->
    </test> <!-- DSMB -->
  </suite> <!-- suite1 -->
</testng-results>
